<?xml version="1.0" encoding="UTF-8"?>
<!-- Generated by org.testng.reporters.JUnitReportReporter -->
<testsuite hostname="LAPTOP-9D6FS8JE" failures="0" tests="1" name="Campaign.CreateCampaignWithProductTest" time="17.226" errors="0" timestamp="2025-04-06T01:57:22 IST" skipped="0">
  <testcase classname="Campaign.CreateCampaignWithProductTest" name="createCampaignWithProductTest" time="17.226"/>
  <system-out/>
</testsuite> <!-- Campaign.CreateCampaignWithProductTest -->
