<?xml version="1.0" encoding="UTF-8"?>
<!-- Generated by org.testng.reporters.JUnitReportReporter -->
<testsuite hostname="LAPTOP-9D6FS8JE" failures="0" tests="1" name="Campaign.CreateCampaignTest" time="10.680" errors="0" timestamp="2025-04-06T01:56:18 IST" skipped="0">
  <testcase classname="Campaign.CreateCampaignTest" name="createCampaignTest" time="10.680"/>
  <system-out/>
</testsuite> <!-- Campaign.CreateCampaignTest -->
